Unity Editor version:    2022.3.5f1 (9674261d40ee)
Branch:                  2022.3/release
Build type:              Release
Batch mode:              YES
macOS version:           Version 13.4.1 (c) (Build 22F770820d)
Darwin version:          22.5.0
Architecture:            arm64
Running under Rosetta:   NO
Available memory:        8192 MB
Using pre-set license
Pro License: YES

COMMAND LINE ARGUMENTS:
/Applications/Unity/Hub/Editor/2022.3.5f1/Unity.app/Contents/MacOS/Unity
-adb2
-batchMode
-noUpm
-name
AssetImportWorker0
-projectPath
/Users/navratilboh/Documents/GitHub/HotlineTransilvania
-logFile
Logs/AssetImportWorker0.log
-srvPort
56106
Successfully changed project path to: /Users/navratilboh/Documents/GitHub/HotlineTransilvania
/Users/navratilboh/Documents/GitHub/HotlineTransilvania
[UnityMemory] Configuration Parameters - Can be set up in boot.config
    "memorysetup-bucket-allocator-granularity=16"
    "memorysetup-bucket-allocator-bucket-count=8"
    "memorysetup-bucket-allocator-block-size=33554432"
    "memorysetup-bucket-allocator-block-count=8"
    "memorysetup-main-allocator-block-size=16777216"
    "memorysetup-thread-allocator-block-size=16777216"
    "memorysetup-gfx-main-allocator-block-size=16777216"
    "memorysetup-gfx-thread-allocator-block-size=16777216"
    "memorysetup-cache-allocator-block-size=4194304"
    "memorysetup-typetree-allocator-block-size=2097152"
    "memorysetup-profiler-bucket-allocator-granularity=16"
    "memorysetup-profiler-bucket-allocator-bucket-count=8"
    "memorysetup-profiler-bucket-allocator-block-size=33554432"
    "memorysetup-profiler-bucket-allocator-block-count=8"
    "memorysetup-profiler-allocator-block-size=16777216"
    "memorysetup-profiler-editor-allocator-block-size=1048576"
    "memorysetup-temp-allocator-size-main=16777216"
    "memorysetup-job-temp-allocator-block-size=2097152"
    "memorysetup-job-temp-allocator-block-size-background=1048576"
    "memorysetup-job-temp-allocator-reduction-small-platforms=262144"
    "memorysetup-allocator-temp-initial-block-size-main=262144"
    "memorysetup-allocator-temp-initial-block-size-worker=262144"
    "memorysetup-temp-allocator-size-background-worker=32768"
    "memorysetup-temp-allocator-size-job-worker=262144"
    "memorysetup-temp-allocator-size-preload-manager=33554432"
    "memorysetup-temp-allocator-size-nav-mesh-worker=65536"
    "memorysetup-temp-allocator-size-audio-worker=65536"
    "memorysetup-temp-allocator-size-cloud-worker=32768"
    "memorysetup-temp-allocator-size-gi-baking-worker=262144"
    "memorysetup-temp-allocator-size-gfx=262144"
Player connection [8266767872] Host "[IP] 10.12.11.11 [Port] 0 [Flags] 2 [Guid] 1076522234 [EditorId] 1076522234 [Version] 1048832 [Id] OSXEditor(0,IOT-11-MAC.local) [Debug] 1 [PackageName] OSXEditor [ProjectName] Editor" joined multi-casting on [225.0.0.222:54997]...

Player connection [8266767872] Host "[IP] 10.12.11.11 [Port] 0 [Flags] 2 [Guid] 1076522234 [EditorId] 1076522234 [Version] 1048832 [Id] OSXEditor(0,IOT-11-MAC.local) [Debug] 1 [PackageName] OSXEditor [ProjectName] Editor" joined alternative multi-casting on [225.0.0.222:34997]...

Refreshing native plugins compatible for Editor in 10.15 ms, found 2 plugins.
Preloading 0 native plugins for Editor in 0.00 ms.
Initialize engine version: 2022.3.5f1 (9674261d40ee)
[Subsystems] Discovering subsystems at path /Applications/Unity/Hub/Editor/2022.3.5f1/Unity.app/Contents/Resources/UnitySubsystems
[Subsystems] Discovering subsystems at path /Users/navratilboh/Documents/GitHub/HotlineTransilvania/Assets
GfxDevice: creating device client; threaded=0; jobified=0
 preferred device: Apple M1 (high power)
Metal devices available: 1
0: Apple M1 (high power)
Using device Apple M1 (high power)
Initializing Metal device caps: Apple M1
Initialize mono
Mono path[0] = '/Applications/Unity/Hub/Editor/2022.3.5f1/Unity.app/Contents/Managed'
Mono path[1] = '/Applications/Unity/Hub/Editor/2022.3.5f1/Unity.app/Contents/MonoBleedingEdge/lib/mono/unityjit-macos'
Mono config path = '/Applications/Unity/Hub/Editor/2022.3.5f1/Unity.app/Contents/MonoBleedingEdge/etc'
Using monoOptions --debugger-agent=transport=dt_socket,embedding=1,server=y,suspend=n,address=127.0.0.1:56068
Begin MonoManager ReloadAssembly
Registering precompiled unity dll's ...
Register platform support module: /Applications/Unity/Hub/Editor/2022.3.5f1/Unity.app/Contents/PlaybackEngines/MacStandaloneSupport/UnityEditor.OSXStandalone.Extensions.dll
Register platform support module: /Applications/Unity/Hub/Editor/2022.3.5f1/PlaybackEngines/WindowsStandaloneSupport/UnityEditor.WindowsStandalone.Extensions.dll
Registered in 0.002351 seconds.
- Loaded All Assemblies, in  0.256 seconds
Native extension for WindowsStandalone target not found
Native extension for OSXStandalone target not found
Mono: successfully reloaded assembly
- Finished resetting the current domain, in  0.152 seconds
Domain Reload Profiling: 409ms
	BeginReloadAssembly (80ms)
		ExecutionOrderSort (0ms)
		DisableScriptedObjects (0ms)
		BackupInstance (0ms)
		ReleaseScriptingObjects (0ms)
		CreateAndSetChildDomain (0ms)
	RebuildCommonClasses (25ms)
	RebuildNativeTypeToScriptingClass (8ms)
	initialDomainReloadingComplete (33ms)
	LoadAllAssembliesAndSetupDomain (110ms)
		LoadAssemblies (81ms)
		RebuildTransferFunctionScriptingTraits (0ms)
		AnalyzeDomain (107ms)
			TypeCache.Refresh (106ms)
				TypeCache.ScanAssembly (99ms)
			ScanForSourceGeneratedMonoScriptInfo (0ms)
			ResolveRequiredComponents (1ms)
	FinalizeReload (152ms)
		ReleaseScriptCaches (0ms)
		RebuildScriptCaches (0ms)
		SetupLoadedEditorAssemblies (114ms)
			LogAssemblyErrors (0ms)
			InitializePlatformSupportModulesInManaged (5ms)
			SetLoadedEditorAssemblies (5ms)
			RefreshPlugins (0ms)
			BeforeProcessingInitializeOnLoad (1ms)
			ProcessInitializeOnLoadAttributes (77ms)
			ProcessInitializeOnLoadMethodAttributes (26ms)
			AfterProcessingInitializeOnLoad (0ms)
			EditorAssembliesLoaded (0ms)
		ExecutionOrderSort2 (0ms)
		AwakeInstancesAfterBackupRestoration (0ms)
========================================================================
Worker process is ready to serve import requests
Begin MonoManager ReloadAssembly
Symbol file LoadedFromMemory doesn't match image /Users/navratilboh/Documents/GitHub/HotlineTransilvania/Library/PackageCache/com.unity.visualscripting@1.8.0/Editor/VisualScripting.Core/Dependencies/YamlDotNet/Unity.VisualScripting.YamlDotNet.dll
Symbol file LoadedFromMemory doesn't match image /Users/navratilboh/Documents/GitHub/HotlineTransilvania/Library/PackageCache/com.unity.visualscripting@1.8.0/Editor/VisualScripting.Core/Dependencies/DotNetZip/Unity.VisualScripting.IonicZip.dll
- Loaded All Assemblies, in  0.461 seconds
Refreshing native plugins compatible for Editor in 0.83 ms, found 2 plugins.
Native extension for WindowsStandalone target not found
Native extension for OSXStandalone target not found
Mono: successfully reloaded assembly
- Finished resetting the current domain, in  0.280 seconds
Domain Reload Profiling: 742ms
	BeginReloadAssembly (69ms)
		ExecutionOrderSort (0ms)
		DisableScriptedObjects (3ms)
		BackupInstance (0ms)
		ReleaseScriptingObjects (0ms)
		CreateAndSetChildDomain (16ms)
	RebuildCommonClasses (22ms)
	RebuildNativeTypeToScriptingClass (8ms)
	initialDomainReloadingComplete (21ms)
	LoadAllAssembliesAndSetupDomain (342ms)
		LoadAssemblies (180ms)
		RebuildTransferFunctionScriptingTraits (0ms)
		AnalyzeDomain (188ms)
			TypeCache.Refresh (179ms)
				TypeCache.ScanAssembly (172ms)
			ScanForSourceGeneratedMonoScriptInfo (7ms)
			ResolveRequiredComponents (2ms)
	FinalizeReload (280ms)
		ReleaseScriptCaches (0ms)
		RebuildScriptCaches (0ms)
		SetupLoadedEditorAssemblies (198ms)
			LogAssemblyErrors (0ms)
			InitializePlatformSupportModulesInManaged (2ms)
			SetLoadedEditorAssemblies (2ms)
			RefreshPlugins (0ms)
			BeforeProcessingInitializeOnLoad (28ms)
			ProcessInitializeOnLoadAttributes (154ms)
			ProcessInitializeOnLoadMethodAttributes (10ms)
			AfterProcessingInitializeOnLoad (1ms)
			EditorAssembliesLoaded (0ms)
		ExecutionOrderSort2 (0ms)
		AwakeInstancesAfterBackupRestoration (2ms)
Launching external process: /Applications/Unity/Hub/Editor/2022.3.5f1/Unity.app/Contents/Tools/UnityShaderCompiler
Launched and connected shader compiler UnityShaderCompiler after 0.16 seconds
Refreshing native plugins compatible for Editor in 0.98 ms, found 2 plugins.
Preloading 0 native plugins for Editor in 0.00 ms.
Unloading 3066 Unused Serialized files (Serialized files now loaded: 0)
Unloading 31 unused Assets / (50.5 KB). Loaded Objects now: 3530.
Memory consumption went from 121.7 MB to 121.6 MB.
Total: 2.327458 ms (FindLiveObjects: 0.100292 ms CreateObjectMapping: 0.036417 ms MarkObjects: 2.114208 ms  DeleteObjects: 0.075917 ms)

AssetImportParameters requested are different than current active one (requested -> active):
  custom:container-demuxer-ogg: 62fdf1f143b41e24485cea50d1cbac27 -> 
  custom:video-decoder-ogg-theora: a1e56fd34408186e4bbccfd4996cb3dc -> 
  custom:CustomObjectIndexerAttribute: 756ad292c208cfabdd7b50bc23989ffe -> 
  custom:container-demuxer-webm: 4f35f7cbe854078d1ac9338744f61a02 -> 
  custom:container-muxer-webm: aa71ff27fc2769a1b78a27578f13a17b -> 
  custom:video-decoder-webm-vp8: 9c59270c3fd7afecdb556c50c9e8de78 -> 
  custom:AudioImporter_EditorPlatform: 3918e3fc78b5a79bad01e8451be0beb8 -> 
  custom:framework-osx-AVFoundation: e770b220cccbd017edd2c1fefb359320 -> 
  custom:video-encoder-webm-vp8: eb34c28f22e8b96e1ab97ce403110664 -> 
  custom:audio-decoder-ogg-vorbis: bf7c407c2cedff20999df2af8eb42d56 -> 
  custom:audio-encoder-webm-vorbis: bf7c407c2cedff20999df2af8eb42d56 -> 
========================================================================
Received Import Request.
  Time since last request: 4223.952348 seconds.
  path: Assets/Scenes/HubScene.unity
  artifactKey: Guid(8fe0cf44119b24b50a9fdda0aa3b984a) Importer(815301076,1909f56bfc062723c751e8b465ee728b)
Start importing Assets/Scenes/HubScene.unity using Guid(8fe0cf44119b24b50a9fdda0aa3b984a) Importer(815301076,1909f56bfc062723c751e8b465ee728b)  -> (artifact id: 'b19ee1fcfc5ab4750383dbf5d7bbdde4') in 0.011759 seconds
Number of updated asset objects reloaded before import = 0
Number of asset objects unloaded after import = 0
========================================================================
Received Import Request.
  Time since last request: 185.669019 seconds.
  path: Assets/Used Assets
  artifactKey: Guid(8c5f1caec0d0d46ef870b757b19a96c3) Importer(815301076,1909f56bfc062723c751e8b465ee728b)
Start importing Assets/Used Assets using Guid(8c5f1caec0d0d46ef870b757b19a96c3) Importer(815301076,1909f56bfc062723c751e8b465ee728b)  -> (artifact id: 'a0320125fbdf2f0a59283f06b02d30f8') in 0.001778 seconds
Number of updated asset objects reloaded before import = 0
Number of asset objects unloaded after import = 0
========================================================================
Received Import Request.
  Time since last request: 12.166517 seconds.
  path: Assets/Scripts
  artifactKey: Guid(94e6512a736364c43a1db71bbfad53ea) Importer(815301076,1909f56bfc062723c751e8b465ee728b)
Start importing Assets/Scripts using Guid(94e6512a736364c43a1db71bbfad53ea) Importer(815301076,1909f56bfc062723c751e8b465ee728b)  -> (artifact id: '6c7ec0461a939b76ff663381759dbd22') in 0.000598 seconds
Number of updated asset objects reloaded before import = 0
Number of asset objects unloaded after import = 0
========================================================================
Received Import Request.
  Time since last request: 6.204006 seconds.
  path: Assets/Prefabs
  artifactKey: Guid(023e89d6bf63942e0ba45eb0d6205915) Importer(815301076,1909f56bfc062723c751e8b465ee728b)
Start importing Assets/Prefabs using Guid(023e89d6bf63942e0ba45eb0d6205915) Importer(815301076,1909f56bfc062723c751e8b465ee728b)  -> (artifact id: '0fd3b1d884291fd400cef82f9616a1ed') in 0.000401 seconds
Number of updated asset objects reloaded before import = 0
Number of asset objects unloaded after import = 0
========================================================================
Received Import Request.
  Time since last request: 7.678161 seconds.
  path: Assets/Sounds
  artifactKey: Guid(5b8a6cf8c9f32405fa52104718e0d3ed) Importer(815301076,1909f56bfc062723c751e8b465ee728b)
Start importing Assets/Sounds using Guid(5b8a6cf8c9f32405fa52104718e0d3ed) Importer(815301076,1909f56bfc062723c751e8b465ee728b)  -> (artifact id: 'e1455197ab6c2fe67459ab63575fa8eb') in 0.000692 seconds
Number of updated asset objects reloaded before import = 0
Number of asset objects unloaded after import = 0
========================================================================
Received Import Request.
  Time since last request: 73.229711 seconds.
  path: Assets/Hexlands_LowPolyStyle
  artifactKey: Guid(dd7b28b73b4444d79aeb56d723c5e8d6) Importer(815301076,1909f56bfc062723c751e8b465ee728b)
Start importing Assets/Hexlands_LowPolyStyle using Guid(dd7b28b73b4444d79aeb56d723c5e8d6) Importer(815301076,1909f56bfc062723c751e8b465ee728b)  -> (artifact id: '7a196d1569999a3774fe6aedbb1b351e') in 0.002627 seconds
Number of updated asset objects reloaded before import = 0
Number of asset objects unloaded after import = 0
========================================================================
Received Import Request.
  Time since last request: 1.955015 seconds.
  path: Assets/Hexlands_LowPolyStyle/Textures
  artifactKey: Guid(ab946fca489b6094183690ffe084df79) Importer(815301076,1909f56bfc062723c751e8b465ee728b)
Start importing Assets/Hexlands_LowPolyStyle/Textures using Guid(ab946fca489b6094183690ffe084df79) Importer(815301076,1909f56bfc062723c751e8b465ee728b)  -> (artifact id: '007154efffa0a7719945584118e0f639') in 0.000601 seconds
Number of updated asset objects reloaded before import = 0
Number of asset objects unloaded after import = 0
========================================================================
Received Import Request.
  Time since last request: 0.056442 seconds.
  path: Assets/Hexlands_LowPolyStyle/Textures/Clay_ground_Albedo.png
  artifactKey: Guid(60cd0b5f5d1173640bd8eff700f328a7) Importer(815301076,1909f56bfc062723c751e8b465ee728b)
Start importing Assets/Hexlands_LowPolyStyle/Textures/Clay_ground_Albedo.png using Guid(60cd0b5f5d1173640bd8eff700f328a7) Importer(815301076,1909f56bfc062723c751e8b465ee728b)  -> (artifact id: '5bae46972c7b8e041437ba82aa4d964d') in 0.120843 seconds
Number of updated asset objects reloaded before import = 0
Number of asset objects unloaded after import = 2
========================================================================
Received Import Request.
  Time since last request: 0.000109 seconds.
  path: Assets/Hexlands_LowPolyStyle/Textures/Wood_Albedo.png
  artifactKey: Guid(8ba3f7aae817fcf49820e90a15c967ac) Importer(815301076,1909f56bfc062723c751e8b465ee728b)
Start importing Assets/Hexlands_LowPolyStyle/Textures/Wood_Albedo.png using Guid(8ba3f7aae817fcf49820e90a15c967ac) Importer(815301076,1909f56bfc062723c751e8b465ee728b)  -> (artifact id: 'baca0fe254b77590e00b41c214ab8842') in 0.004695 seconds
Number of updated asset objects reloaded before import = 0
Number of asset objects unloaded after import = 2
========================================================================
Received Import Request.
  Time since last request: 0.000136 seconds.
  path: Assets/Hexlands_LowPolyStyle/Textures/Gold_ground_Albedo.png
  artifactKey: Guid(8db3d2d4d632735429f4889b7a4478ca) Importer(815301076,1909f56bfc062723c751e8b465ee728b)
Start importing Assets/Hexlands_LowPolyStyle/Textures/Gold_ground_Albedo.png using Guid(8db3d2d4d632735429f4889b7a4478ca) Importer(815301076,1909f56bfc062723c751e8b465ee728b)  -> (artifact id: '6b507fe67c028f2510a9b19fe20d234f') in 0.010321 seconds
Number of updated asset objects reloaded before import = 0
Number of asset objects unloaded after import = 2
========================================================================
Received Import Request.
  Time since last request: 0.000050 seconds.
  path: Assets/Hexlands_LowPolyStyle/Textures/Lake_ground_Albedo.png
  artifactKey: Guid(e858e1c388167304d8dccb8d772a311c) Importer(815301076,1909f56bfc062723c751e8b465ee728b)
Start importing Assets/Hexlands_LowPolyStyle/Textures/Lake_ground_Albedo.png using Guid(e858e1c388167304d8dccb8d772a311c) Importer(815301076,1909f56bfc062723c751e8b465ee728b)  -> (artifact id: '3957ccb5e3f4bd1f59126fc872a0a363') in 0.005793 seconds
Number of updated asset objects reloaded before import = 0
Number of asset objects unloaded after import = 2
========================================================================
Received Import Request.
  Time since last request: 0.000162 seconds.
  path: Assets/Hexlands_LowPolyStyle/Textures/Pasture_ground_Albedo.png
  artifactKey: Guid(2ccf80e85981b224f90369d3fb7275e1) Importer(815301076,1909f56bfc062723c751e8b465ee728b)
Start importing Assets/Hexlands_LowPolyStyle/Textures/Pasture_ground_Albedo.png using Guid(2ccf80e85981b224f90369d3fb7275e1) Importer(815301076,1909f56bfc062723c751e8b465ee728b)  -> (artifact id: 'f7bd5687f9857c68e730673ea038f3d8') in 0.008665 seconds
Number of updated asset objects reloaded before import = 0
Number of asset objects unloaded after import = 2
========================================================================
Received Import Request.
  Time since last request: 0.000184 seconds.
  path: Assets/Hexlands_LowPolyStyle/Textures/Diamond_ground_Albedo.png
  artifactKey: Guid(4ea4d4cd2490c2343af3d403357f022c) Importer(815301076,1909f56bfc062723c751e8b465ee728b)
Start importing Assets/Hexlands_LowPolyStyle/Textures/Diamond_ground_Albedo.png using Guid(4ea4d4cd2490c2343af3d403357f022c) Importer(815301076,1909f56bfc062723c751e8b465ee728b)  -> (artifact id: '0ade26fe04826f89fb345f8f06f2648e') in 0.008988 seconds
Number of updated asset objects reloaded before import = 0
Number of asset objects unloaded after import = 2
========================================================================
Received Import Request.
  Time since last request: 0.000285 seconds.
  path: Assets/Hexlands_LowPolyStyle/Textures/Wasteland_Albedo.png
  artifactKey: Guid(652d1e95f6ac9b84fa63b6d2aa9b9d97) Importer(815301076,1909f56bfc062723c751e8b465ee728b)
Start importing Assets/Hexlands_LowPolyStyle/Textures/Wasteland_Albedo.png using Guid(652d1e95f6ac9b84fa63b6d2aa9b9d97) Importer(815301076,1909f56bfc062723c751e8b465ee728b)  -> (artifact id: '30f1565926cdf16ddc3f92b6ef335c94') in 0.006900 seconds
Number of updated asset objects reloaded before import = 0
Number of asset objects unloaded after import = 2
